# JRE version: OpenJDK Runtime Environment (17.0.6) (build 17.0.6+0-b2043.56-10027231)
# Java VM: OpenJDK 64-Bit Server VM (17.0.6+0-b2043.56-10027231, mixed mode, tiered, compressed oops, compressed class ptrs, g1 gc, windows-amd64)
GC Precious Log:
 CPUs: 4 total, 4 available
 Memory: 12206M
 Large Page Support: Disabled
 NUMA Support: Disabled
 Compressed Oops: Enabled (Zero based)
 Heap Region Size: 2M
 Heap Min Capacity: 8M
 Heap Initial Capacity: 192M
 Heap Max Capacity: 4G
 Pre-touch: Disabled
 Parallel Workers: 4
 Concurrent Workers: 1
 Concurrent Refinement Workers: 4
 Periodic GC: Disabled
Heap:
 garbage-first heap   total 92160K, used 65065K [0x0000000700000000, 0x0000000800000000)
  region size 2048K, 15 young (30720K), 1 survivors (2048K)
 Metaspace       used 70995K, committed 71552K, reserved 1114112K
  class space    used 9696K, committed 9920K, reserved 1048576K
GC Heap History (20 events):
Event: 8.648 GC heap before
{Heap before GC invocations=8 (full 0):
 garbage-first heap   total 75776K, used 52639K [0x0000000700000000, 0x0000000800000000)
  region size 2048K, 17 young (34816K), 1 survivors (2048K)
 Metaspace       used 35748K, committed 36096K, reserved 1081344K
  class space    used 4821K, committed 4992K, reserved 1048576K
}
Event: 8.659 GC heap after
{Heap after GC invocations=9 (full 0):
 garbage-first heap   total 75776K, used 23726K [0x0000000700000000, 0x0000000800000000)
  region size 2048K, 2 young (4096K), 2 survivors (4096K)
 Metaspace       used 35748K, committed 36096K, reserved 1081344K
  class space    used 4821K, committed 4992K, reserved 1048576K
}
Event: 9.735 GC heap before
{Heap before GC invocations=10 (full 0):
 garbage-first heap   total 75776K, used 54446K [0x0000000700000000, 0x0000000800000000)
  region size 2048K, 18 young (36864K), 2 survivors (4096K)
 Metaspace       used 40301K, committed 40576K, reserved 1089536K
  class space    used 5302K, committed 5440K, reserved 1048576K
}
Event: 9.749 GC heap after
{Heap after GC invocations=11 (full 0):
 garbage-first heap   total 75776K, used 27483K [0x0000000700000000, 0x0000000800000000)
  region size 2048K, 3 young (6144K), 3 survivors (6144K)
 Metaspace       used 40301K, committed 40576K, reserved 1089536K
  class space    used 5302K, committed 5440K, reserved 1048576K
}
Event: 10.523 GC heap before
{Heap before GC invocations=11 (full 0):
 garbage-first heap   total 75776K, used 58203K [0x0000000700000000, 0x0000000800000000)
  region size 2048K, 17 young (34816K), 3 survivors (6144K)
 Metaspace       used 43038K, committed 43392K, reserved 1089536K
  class space    used 5615K, committed 5760K, reserved 1048576K
}
Event: 10.535 GC heap after
{Heap after GC invocations=12 (full 0):
 garbage-first heap   total 75776K, used 29076K [0x0000000700000000, 0x0000000800000000)
  region size 2048K, 2 young (4096K), 2 survivors (4096K)
 Metaspace       used 43038K, committed 43392K, reserved 1089536K
  class space    used 5615K, committed 5760K, reserved 1048576K
}
Event: 11.219 GC heap before
{Heap before GC invocations=12 (full 0):
 garbage-first heap   total 75776K, used 55700K [0x0000000700000000, 0x0000000800000000)
  region size 2048K, 15 young (30720K), 2 survivors (4096K)
 Metaspace       used 44632K, committed 45120K, reserved 1089536K
  class space    used 5885K, committed 6144K, reserved 1048576K
}
Event: 11.229 GC heap after
{Heap after GC invocations=13 (full 0):
 garbage-first heap   total 92160K, used 30393K [0x0000000700000000, 0x0000000800000000)
  region size 2048K, 2 young (4096K), 2 survivors (4096K)
 Metaspace       used 44632K, committed 45120K, reserved 1089536K
  class space    used 5885K, committed 6144K, reserved 1048576K
}
Event: 12.554 GC heap before
{Heap before GC invocations=13 (full 0):
 garbage-first heap   total 92160K, used 67257K [0x0000000700000000, 0x0000000800000000)
  region size 2048K, 21 young (43008K), 2 survivors (4096K)
 Metaspace       used 49003K, committed 49472K, reserved 1097728K
  class space    used 6532K, committed 6784K, reserved 1048576K
}
Event: 12.568 GC heap after
{Heap after GC invocations=14 (full 0):
 garbage-first heap   total 92160K, used 32336K [0x0000000700000000, 0x0000000800000000)
  region size 2048K, 2 young (4096K), 2 survivors (4096K)
 Metaspace       used 49003K, committed 49472K, reserved 1097728K
  class space    used 6532K, committed 6784K, reserved 1048576K
}
Event: 14.089 GC heap before
{Heap before GC invocations=14 (full 0):
 garbage-first heap   total 92160K, used 69200K [0x0000000700000000, 0x0000000800000000)
  region size 2048K, 20 young (40960K), 2 survivors (4096K)
 Metaspace       used 53650K, committed 54080K, reserved 1097728K
  class space    used 7273K, committed 7488K, reserved 1048576K
}
Event: 14.099 GC heap after
{Heap after GC invocations=15 (full 0):
 garbage-first heap   total 92160K, used 34037K [0x0000000700000000, 0x0000000800000000)
  region size 2048K, 3 young (6144K), 3 survivors (6144K)
 Metaspace       used 53650K, committed 54080K, reserved 1097728K
  class space    used 7273K, committed 7488K, reserved 1048576K
}
Event: 15.261 GC heap before
{Heap before GC invocations=15 (full 0):
 garbage-first heap   total 92160K, used 70901K [0x0000000700000000, 0x0000000800000000)
  region size 2048K, 21 young (43008K), 3 survivors (6144K)
 Metaspace       used 57695K, committed 58176K, reserved 1105920K
  class space    used 7877K, committed 8128K, reserved 1048576K
}
Event: 15.273 GC heap after
{Heap after GC invocations=16 (full 0):
 garbage-first heap   total 92160K, used 35273K [0x0000000700000000, 0x0000000800000000)
  region size 2048K, 2 young (4096K), 2 survivors (4096K)
 Metaspace       used 57695K, committed 58176K, reserved 1105920K
  class space    used 7877K, committed 8128K, reserved 1048576K
}
Event: 15.921 GC heap before
{Heap before GC invocations=16 (full 0):
 garbage-first heap   total 92160K, used 51657K [0x0000000700000000, 0x0000000800000000)
  region size 2048K, 11 young (22528K), 2 survivors (4096K)
 Metaspace       used 59869K, committed 60416K, reserved 1105920K
  class space    used 8169K, committed 8448K, reserved 1048576K
}
Event: 15.936 GC heap after
{Heap after GC invocations=17 (full 0):
 garbage-first heap   total 92160K, used 35943K [0x0000000700000000, 0x0000000800000000)
  region size 2048K, 2 young (4096K), 2 survivors (4096K)
 Metaspace       used 59869K, committed 60416K, reserved 1105920K
  class space    used 8169K, committed 8448K, reserved 1048576K
}
Event: 17.404 GC heap before
{Heap before GC invocations=18 (full 0):
 garbage-first heap   total 92160K, used 74855K [0x0000000700000000, 0x0000000800000000)
  region size 2048K, 21 young (43008K), 2 survivors (4096K)
 Metaspace       used 66108K, committed 66624K, reserved 1114112K
  class space    used 8965K, committed 9216K, reserved 1048576K
}
Event: 17.419 GC heap after
{Heap after GC invocations=19 (full 0):
 garbage-first heap   total 92160K, used 38022K [0x0000000700000000, 0x0000000800000000)
  region size 2048K, 3 young (6144K), 3 survivors (6144K)
 Metaspace       used 66108K, committed 66624K, reserved 1114112K
  class space    used 8965K, committed 9216K, reserved 1048576K
}
Event: 17.493 GC heap before
{Heap before GC invocations=19 (full 0):
 garbage-first heap   total 92160K, used 38022K [0x0000000700000000, 0x0000000800000000)
  region size 2048K, 4 young (8192K), 3 survivors (6144K)
 Metaspace       used 66229K, committed 66752K, reserved 1114112K
  class space    used 8985K, committed 9216K, reserved 1048576K
}
Event: 17.507 GC heap after
{Heap after GC invocations=20 (full 0):
 garbage-first heap   total 92160K, used 38441K [0x0000000700000000, 0x0000000800000000)
  region size 2048K, 1 young (2048K), 1 survivors (2048K)
 Metaspace       used 66229K, committed 66752K, reserved 1114112K
  class space    used 8985K, committed 9216K, reserved 1048576K
}

