# JRE version: OpenJDK Runtime Environment (17.0.6) (build 17.0.6+0-b2043.56-10027231)
# Java VM: OpenJDK 64-Bit Server VM (17.0.6+0-b2043.56-10027231, mixed mode, tiered, compressed oops, compressed class ptrs, g1 gc, windows-amd64)
GC Precious Log:
 CPUs: 4 total, 4 available
 Memory: 12206M
 Large Page Support: Disabled
 NUMA Support: Disabled
 Compressed Oops: Enabled (Zero based)
 Heap Region Size: 2M
 Heap Min Capacity: 8M
 Heap Initial Capacity: 192M
 Heap Max Capacity: 4G
 Pre-touch: Disabled
 Parallel Workers: 4
 Concurrent Workers: 1
 Concurrent Refinement Workers: 4
 Periodic GC: Disabled
Heap:
 garbage-first heap   total 258048K, used 190843K [0x0000000700000000, 0x0000000800000000)
  region size 2048K, 34 young (69632K), 4 survivors (8192K)
 Metaspace       used 111512K, committed 112448K, reserved 1146880K
  class space    used 15364K, committed 15744K, reserved 1048576K
GC Heap History (20 events):
Event: 28.362 GC heap before
{Heap before GC invocations=31 (full 0):
 garbage-first heap   total 190464K, used 95624K [0x0000000700000000, 0x0000000800000000)
  region size 2048K, 5 young (10240K), 3 survivors (6144K)
 Metaspace       used 84253K, committed 84992K, reserved 1122304K
  class space    used 11432K, committed 11776K, reserved 1048576K
}
Event: 28.368 GC heap after
{Heap after GC invocations=32 (full 0):
 garbage-first heap   total 190464K, used 94677K [0x0000000700000000, 0x0000000800000000)
  region size 2048K, 1 young (2048K), 1 survivors (2048K)
 Metaspace       used 84253K, committed 84992K, reserved 1122304K
  class space    used 11432K, committed 11776K, reserved 1048576K
}
Event: 29.612 GC heap before
{Heap before GC invocations=33 (full 0):
 garbage-first heap   total 190464K, used 143829K [0x0000000700000000, 0x0000000800000000)
  region size 2048K, 24 young (49152K), 1 survivors (2048K)
 Metaspace       used 86638K, committed 87360K, reserved 1130496K
  class space    used 11755K, committed 12096K, reserved 1048576K
}
Event: 29.620 GC heap after
{Heap after GC invocations=34 (full 0):
 garbage-first heap   total 190464K, used 99379K [0x0000000700000000, 0x0000000800000000)
  region size 2048K, 2 young (4096K), 2 survivors (4096K)
 Metaspace       used 86638K, committed 87360K, reserved 1130496K
  class space    used 11755K, committed 12096K, reserved 1048576K
}
Event: 30.711 GC heap before
{Heap before GC invocations=34 (full 0):
 garbage-first heap   total 190464K, used 146483K [0x0000000700000000, 0x0000000800000000)
  region size 2048K, 25 young (51200K), 2 survivors (4096K)
 Metaspace       used 88432K, committed 89152K, reserved 1130496K
  class space    used 12011K, committed 12352K, reserved 1048576K
}
Event: 30.723 GC heap after
{Heap after GC invocations=35 (full 0):
 garbage-first heap   total 190464K, used 102579K [0x0000000700000000, 0x0000000800000000)
  region size 2048K, 4 young (8192K), 4 survivors (8192K)
 Metaspace       used 88432K, committed 89152K, reserved 1130496K
  class space    used 12011K, committed 12352K, reserved 1048576K
}
Event: 31.892 GC heap before
{Heap before GC invocations=36 (full 0):
 garbage-first heap   total 190464K, used 147635K [0x0000000700000000, 0x0000000800000000)
  region size 2048K, 27 young (55296K), 4 survivors (8192K)
 Metaspace       used 91656K, committed 92352K, reserved 1130496K
  class space    used 12578K, committed 12864K, reserved 1048576K
}
Event: 31.905 GC heap after
{Heap after GC invocations=37 (full 0):
 garbage-first heap   total 190464K, used 104100K [0x0000000700000000, 0x0000000800000000)
  region size 2048K, 3 young (6144K), 3 survivors (6144K)
 Metaspace       used 91656K, committed 92352K, reserved 1130496K
  class space    used 12578K, committed 12864K, reserved 1048576K
}
Event: 32.848 GC heap before
{Heap before GC invocations=37 (full 0):
 garbage-first heap   total 190464K, used 151204K [0x0000000700000000, 0x0000000800000000)
  region size 2048K, 26 young (53248K), 3 survivors (6144K)
 Metaspace       used 94941K, committed 95680K, reserved 1138688K
  class space    used 13106K, committed 13440K, reserved 1048576K
}
Event: 32.861 GC heap after
{Heap after GC invocations=38 (full 0):
 garbage-first heap   total 190464K, used 106187K [0x0000000700000000, 0x0000000800000000)
  region size 2048K, 2 young (4096K), 2 survivors (4096K)
 Metaspace       used 94941K, committed 95680K, reserved 1138688K
  class space    used 13106K, committed 13440K, reserved 1048576K
}
Event: 34.800 GC heap before
{Heap before GC invocations=39 (full 0):
 garbage-first heap   total 190464K, used 155339K [0x0000000700000000, 0x0000000800000000)
  region size 2048K, 26 young (53248K), 2 survivors (4096K)
 Metaspace       used 96228K, committed 96960K, reserved 1138688K
  class space    used 13299K, committed 13632K, reserved 1048576K
}
Event: 34.817 GC heap after
{Heap after GC invocations=40 (full 0):
 garbage-first heap   total 190464K, used 110976K [0x0000000700000000, 0x0000000800000000)
  region size 2048K, 4 young (8192K), 4 survivors (8192K)
 Metaspace       used 96228K, committed 96960K, reserved 1138688K
  class space    used 13299K, committed 13632K, reserved 1048576K
}
Event: 36.594 GC heap before
{Heap before GC invocations=40 (full 0):
 garbage-first heap   total 190464K, used 151936K [0x0000000700000000, 0x0000000800000000)
  region size 2048K, 25 young (51200K), 4 survivors (8192K)
 Metaspace       used 97679K, committed 98496K, reserved 1138688K
  class space    used 13498K, committed 13824K, reserved 1048576K
}
Event: 36.617 GC heap after
{Heap after GC invocations=41 (full 0):
 garbage-first heap   total 190464K, used 119706K [0x0000000700000000, 0x0000000800000000)
  region size 2048K, 4 young (8192K), 4 survivors (8192K)
 Metaspace       used 97679K, committed 98496K, reserved 1138688K
  class space    used 13498K, committed 13824K, reserved 1048576K
}
Event: 38.582 GC heap before
{Heap before GC invocations=42 (full 0):
 garbage-first heap   total 215040K, used 150426K [0x0000000700000000, 0x0000000800000000)
  region size 2048K, 20 young (40960K), 4 survivors (8192K)
 Metaspace       used 99115K, committed 99904K, reserved 1138688K
  class space    used 13745K, committed 14080K, reserved 1048576K
}
Event: 38.607 GC heap after
{Heap after GC invocations=43 (full 0):
 garbage-first heap   total 215040K, used 126571K [0x0000000700000000, 0x0000000800000000)
  region size 2048K, 3 young (6144K), 3 survivors (6144K)
 Metaspace       used 99115K, committed 99904K, reserved 1138688K
  class space    used 13745K, committed 14080K, reserved 1048576K
}
Event: 40.482 GC heap before
{Heap before GC invocations=43 (full 0):
 garbage-first heap   total 215040K, used 167531K [0x0000000700000000, 0x0000000800000000)
  region size 2048K, 23 young (47104K), 3 survivors (6144K)
 Metaspace       used 101590K, committed 102400K, reserved 1138688K
  class space    used 14072K, committed 14464K, reserved 1048576K
}
Event: 40.499 GC heap after
{Heap after GC invocations=44 (full 0):
 garbage-first heap   total 258048K, used 129006K [0x0000000700000000, 0x0000000800000000)
  region size 2048K, 2 young (4096K), 2 survivors (4096K)
 Metaspace       used 101590K, committed 102400K, reserved 1138688K
  class space    used 14072K, committed 14464K, reserved 1048576K
}
Event: 44.885 GC heap before
{Heap before GC invocations=45 (full 0):
 garbage-first heap   total 258048K, used 194542K [0x0000000700000000, 0x0000000800000000)
  region size 2048K, 34 young (69632K), 2 survivors (4096K)
 Metaspace       used 106861K, committed 107776K, reserved 1146880K
  class space    used 14836K, committed 15296K, reserved 1048576K
}
Event: 44.901 GC heap after
{Heap after GC invocations=46 (full 0):
 garbage-first heap   total 258048K, used 133499K [0x0000000700000000, 0x0000000800000000)
  region size 2048K, 4 young (8192K), 4 survivors (8192K)
 Metaspace       used 106861K, committed 107776K, reserved 1146880K
  class space    used 14836K, committed 15296K, reserved 1048576K
}

